2025-05-08 09:41:49,349 - INFO - Application starts up...
2025-05-08 09:42:26,155 - INFO - Application starts up...
2025-05-08 09:44:47,367 - INFO - Application starts up...
2025-05-08 09:44:50,736 - INFO - User 'marcusb' successfully signed in. Role: AdminUser
2025-05-08 09:45:28,024 - INFO - Admin User 'marcusb' edited movie 'The Lego Movie'. Role: AdminUser
2025-05-08 09:45:28,154 - INFO - Admin updated review for movie 'The Lego Movie' originally added by 'test1'. Rating: 4
2025-05-08 09:45:28,318 - INFO - New watchlist entry created for movie 'The Lego Movie' by user 'marcusb'. Status: not_watched
2025-05-08 09:45:33,485 - INFO - Admin User 'marcusb' edited movie 'The Lego Movie'. Role: AdminUser
2025-05-08 09:45:33,604 - INFO - Admin updated review for movie 'The Lego Movie' originally added by 'test1'. Rating: 2
2025-05-08 09:45:33,767 - INFO - Watchlist updated for movie 'The Lego Movie' by user 'marcusb'. Status: watched
2025-05-08 09:46:45,450 - INFO - Token validated for user 'marcusb'. Role: AdminUser
2025-05-08 09:46:59,803 - INFO - User 'marcusb' successfully signed in. Role: AdminUser
2025-05-08 09:52:52,250 - INFO - Token validated for user 'marcusb'. Role: AdminUser
2025-05-08 09:52:59,046 - INFO - User 'marcusb' successfully signed in. Role: AdminUser
2025-05-08 09:53:21,942 - INFO - Admin User 'marcusb' edited movie 'slkfjsdklfjlksdfjlsdfjljksdf'. Role: AdminUser
2025-05-08 09:53:22,087 - INFO - New watchlist entry created for movie 'slkfjsdklfjlksdfjlsdfjljksdf' by user 'marcusb'. Status: watched
2025-05-08 09:53:36,355 - INFO - Token validated for user 'marcusb'. Role: AdminUser
2025-05-08 09:53:41,363 - INFO - User 'marcusb' successfully signed in. Role: AdminUser
2025-05-08 09:58:09,491 - INFO - Token validated for user 'marcusb'. Role: AdminUser
2025-05-08 09:58:16,204 - ERROR - Failed login attempt for username 'marcusb': Invalid password
2025-05-08 09:58:21,098 - INFO - User 'marcusb' successfully signed in. Role: AdminUser
2025-05-08 09:59:13,961 - INFO - Token validated for user 'marcusb'. Role: AdminUser
2025-05-08 09:59:18,713 - INFO - User 'marcusb' successfully signed in. Role: AdminUser
2025-05-08 09:59:43,578 - INFO - Movie 'asdf' added by user 'marcusb'. Role: AdminUser 
2025-05-08 09:59:43,620 - INFO - Review added for movie 'asdf' by user 'marcusb'. Rating: 4
2025-05-08 10:00:19,569 - INFO - Token validated for user 'marcusb'. Role: AdminUser
2025-05-08 10:00:25,497 - INFO - User 'marcusb' successfully signed in. Role: AdminUser
2025-05-08 10:03:00,346 - INFO - Token validated for user 'marcusb'. Role: AdminUser
2025-05-08 10:03:05,138 - INFO - User 'marcusb' successfully signed in. Role: AdminUser
2025-05-08 10:04:06,382 - INFO - Token validated for user 'marcusb'. Role: AdminUser
2025-05-08 10:04:30,106 - INFO - User 'marcusb' successfully signed in. Role: AdminUser
2025-05-08 10:06:34,711 - INFO - Token validated for user 'marcusb'. Role: AdminUser
2025-05-08 10:06:40,509 - INFO - User 'marcusb' successfully signed in. Role: AdminUser
2025-05-08 10:07:19,577 - INFO - Token validated for user 'marcusb'. Role: AdminUser
2025-05-08 10:07:27,631 - INFO - User 'marcusb' successfully signed in. Role: AdminUser
2025-05-08 10:08:08,549 - INFO - Token validated for user 'marcusb'. Role: AdminUser
2025-05-08 10:08:13,894 - INFO - User 'marcusb' successfully signed in. Role: AdminUser
2025-05-08 10:13:25,205 - INFO - Application shuts down...
2025-05-08 10:13:28,238 - INFO - Application starts up...
2025-05-08 10:13:49,021 - INFO - Application shuts down...
2025-05-08 10:13:51,796 - INFO - Application starts up...
2025-05-08 10:23:53,122 - INFO - Token validated for user 'marcusb'. Role: AdminUser
2025-05-08 10:24:03,268 - INFO - User 'marcusb' successfully signed in. Role: AdminUser
2025-05-08 10:24:13,395 - INFO - Application shuts down...
2025-05-08 10:24:17,591 - INFO - Application starts up...
2025-05-08 10:24:20,817 - INFO - Application starts up...
2025-05-08 10:24:29,609 - INFO - User: 'marcusb' logged out. Role: AdminUser
2025-05-08 10:24:33,927 - INFO - User 'marcusb' successfully signed in. Role: AdminUser
2025-05-08 10:28:41,335 - INFO - Application shuts down...
2025-05-08 10:28:43,246 - INFO - Application starts up...
2025-05-08 10:29:07,023 - INFO - Application shuts down...
2025-05-08 10:29:09,057 - INFO - Application starts up...
2025-05-08 10:30:54,896 - INFO - Token validated for user 'marcusb'. Role: AdminUser
2025-05-08 10:31:00,996 - INFO - User 'marcusb' successfully signed in. Role: AdminUser
2025-05-08 10:31:14,489 - INFO - Admin User 'marcusb' deleted movie 'updated title'. Role: AdminUser
2025-05-08 10:31:23,546 - INFO - Admin User 'marcusb' edited movie 'The Lego Movie'. Role: AdminUser
2025-05-08 10:31:23,674 - INFO - Admin updated review for movie 'The Lego Movie' originally added by 'test1'. Rating: 3
2025-05-08 10:31:23,839 - INFO - Watchlist updated for movie 'The Lego Movie' by user 'marcusb'. Status: watched
2025-05-08 10:31:31,690 - INFO - Admin User 'marcusb' edited movie 'The Lego Movie'. Role: AdminUser
2025-05-08 10:31:31,805 - INFO - Admin updated review for movie 'The Lego Movie' originally added by 'test1'. Rating: 1
2025-05-08 10:31:31,960 - INFO - Watchlist updated for movie 'The Lego Movie' by user 'marcusb'. Status: watched
2025-05-08 10:33:24,631 - INFO - Movie 'm' added by user 'marcusb'. Role: AdminUser 
2025-05-08 10:33:24,672 - INFO - Review added for movie 'm' by user 'marcusb'. Rating: 0
2025-05-08 10:33:39,021 - INFO - Admin User 'marcusb' edited movie 'm'. Role: AdminUser
2025-05-08 10:33:39,142 - INFO - Admin updated review for movie 'm' originally added by 'marcusb'. Rating: 3
2025-05-08 10:33:39,295 - INFO - Watchlist updated for movie 'm' by user 'marcusb'. Status: not_watched
2025-05-08 10:33:50,427 - INFO - Movie 'aef' added by user 'marcusb'. Role: AdminUser 
2025-05-08 10:33:50,468 - INFO - Review added for movie 'aef' by user 'marcusb'. Rating: 5
2025-05-08 10:33:59,520 - INFO - Admin User 'marcusb' edited movie 'aef'. Role: AdminUser
2025-05-08 10:33:59,641 - INFO - Admin updated review for movie 'aef' originally added by 'marcusb'. Rating: 2
2025-05-08 10:33:59,799 - INFO - Watchlist updated for movie 'aef' by user 'marcusb'. Status: watched
2025-05-08 10:35:04,849 - INFO - Application shuts down...
2025-05-08 10:35:07,308 - INFO - Application starts up...
2025-05-08 10:35:19,311 - INFO - Application shuts down...
2025-05-08 10:35:21,299 - INFO - Application starts up...
2025-05-08 10:35:58,411 - INFO - Application shuts down...
2025-05-08 10:36:00,365 - INFO - Application starts up...
2025-05-08 10:36:01,688 - INFO - Application shuts down...
2025-05-08 10:36:03,527 - INFO - Application starts up...
2025-05-08 10:36:41,359 - INFO - Token validated for user 'marcusb'. Role: AdminUser
2025-05-08 10:36:45,853 - INFO - User 'marcusb' successfully signed in. Role: BasicUser
2025-05-08 10:38:37,783 - INFO - Application shuts down...
2025-05-08 10:40:28,503 - INFO - Application starts up...
2025-05-08 10:40:58,611 - INFO - Application shuts down...
2025-05-08 10:41:01,112 - INFO - Application starts up...
2025-05-08 10:41:31,832 - INFO - Application shuts down...
2025-05-08 10:41:33,938 - INFO - Application starts up...
2025-05-08 10:41:50,758 - INFO - Application shuts down...
2025-05-08 10:41:54,731 - INFO - Application starts up...
2025-05-08 10:41:58,195 - INFO - Application starts up...
2025-05-08 10:42:00,400 - INFO - Application shuts down...
2025-05-08 10:42:02,872 - INFO - Application starts up...
2025-05-08 10:42:20,845 - INFO - Token validated for user 'marcusb'. Role: BasicUser
2025-05-08 10:42:25,724 - INFO - User 'marcusb' successfully signed in. Role: BasicUser
2025-05-08 10:44:53,883 - INFO - Application shuts down...
2025-05-08 10:44:55,511 - INFO - Application starts up...
2025-05-08 10:45:39,431 - INFO - Application shuts down...
2025-05-08 10:45:41,261 - INFO - Application starts up...
2025-05-08 10:45:46,993 - INFO - Token validated for user 'marcusb'. Role: BasicUser
2025-05-08 10:45:52,174 - INFO - User 'marcusb' successfully signed in. Role: BasicUser
2025-05-08 10:55:30,570 - INFO - Token validated for user 'marcusb'. Role: BasicUser
2025-05-08 10:55:35,206 - INFO - User 'marcusb' successfully signed in. Role: AdminUser
2025-05-08 10:56:50,492 - INFO - Token validated for user 'marcusb'. Role: AdminUser
2025-05-08 10:56:57,101 - INFO - User 'marcusb' successfully signed in. Role: AdminUser
2025-05-08 11:52:56,566 - INFO - Application starts up...
2025-05-08 11:52:59,499 - INFO - Application starts up...
2025-05-08 11:53:14,800 - INFO - Token validated for user 'marcusb'. Role: AdminUser
2025-05-08 11:53:21,801 - INFO - User 'marcusb' successfully signed in. Role: AdminUser
2025-05-08 11:54:03,067 - INFO - Token validated for user 'marcusb'. Role: AdminUser
2025-05-08 11:54:07,941 - INFO - User 'marcusb' successfully signed in. Role: BasicUser
2025-05-08 11:54:33,764 - INFO - Movie 'aaa' added by user 'marcusb'. Role: BasicUser 
2025-05-08 11:54:33,805 - INFO - Review added for movie 'aaa' by user 'marcusb'. Rating: 4
2025-05-08 11:55:53,131 - INFO - Token validated for user 'marcusb'. Role: BasicUser
2025-05-08 11:55:57,281 - INFO - User 'marcusb' successfully signed in. Role: BasicUser
2025-05-08 11:56:22,015 - INFO - Movie 'Ted 2' added by user 'marcusb'. Role: BasicUser 
2025-05-08 11:56:22,057 - INFO - Review added for movie 'Ted 2' by user 'marcusb'. Rating: 5
2025-05-08 11:58:50,083 - INFO - Token validated for user 'marcusb'. Role: BasicUser
2025-05-08 11:58:57,288 - INFO - User 'marcusb' successfully signed in. Role: BasicUser
2025-05-08 11:59:31,414 - INFO - Movie 'refresh' added by user 'marcusb'. Role: BasicUser 
2025-05-08 11:59:31,454 - INFO - Review added for movie 'refresh' by user 'marcusb'. Rating: 2
2025-05-08 12:01:47,139 - INFO - Token validated for user 'marcusb'. Role: BasicUser
2025-05-08 12:01:51,957 - INFO - User 'marcusb' successfully signed in. Role: Adminuser
2025-05-08 12:02:24,136 - INFO - Token validated for user 'marcusb'. Role: Adminuser
2025-05-08 12:02:30,332 - INFO - User 'marcusb' successfully signed in. Role: AdminUser
2025-05-08 12:02:47,603 - INFO - Admin User 'marcusb' edited movie 'Ted 2'. Role: AdminUser
2025-05-08 12:02:47,719 - INFO - Admin updated review for movie 'Ted 2' originally added by 'marcusb'. Rating: 5
2025-05-08 12:02:47,874 - INFO - Watchlist updated for movie 'Ted 2' by user 'marcusb'. Status: not_watched
2025-05-08 12:29:45,966 - INFO - Token validated for user 'marcusb'. Role: AdminUser
2025-05-08 12:30:27,574 - ERROR - Failed login attempt for username 'marcusb': Invalid password
2025-05-08 12:30:38,812 - INFO - Application shuts down...
2025-05-08 12:30:42,527 - INFO - Application starts up...
2025-05-08 12:30:58,794 - INFO - User 'marcusb' successfully signed in. Role: AdminUser
2025-05-08 12:31:00,888 - INFO - User: 'marcusb' logged out. Role: AdminUser
2025-05-08 12:31:06,728 - INFO - User 'marcusb' successfully signed in. Role: AdminUser
2025-05-08 12:32:15,106 - INFO - User: 'marcusb' logged out. Role: AdminUser
2025-05-08 12:32:52,826 - INFO - User 'marcusb' successfully signed in. Role: AdminUser
2025-05-08 12:33:31,989 - INFO - Admin User 'marcusb' deleted movie 'Interstellar'. Role: AdminUser
2025-05-08 12:33:49,744 - INFO - User: 'marcusb' logged out. Role: AdminUser
2025-05-08 12:34:08,145 - INFO - User 'henryswain' successfully signed in. Role: BasicUser
2025-05-08 12:34:54,427 - INFO - User 'henryswain' edited movie 'the matrix'. Role: BasicUser
2025-05-08 12:34:54,541 - INFO - Review updated for movie 'the matrix' by user 'henryswain'. Rating: 5
2025-05-08 12:34:54,609 - INFO - Watchlist updated for movie 'the matrix' by user 'henryswain'. Status: watched
2025-05-08 12:39:11,270 - INFO - User: 'henryswain' logged out. Role: BasicUser
2025-05-08 12:39:15,752 - INFO - User 'marcusb' successfully signed in. Role: AdminUser
2025-05-08 12:39:37,835 - INFO - Admin User 'marcusb' deleted movie 'the matrix'. Role: AdminUser
2025-05-08 12:40:01,107 - INFO - User: 'marcusb' logged out. Role: AdminUser
2025-05-08 12:42:03,580 - ERROR - Failed login attempt for username 'henryswain': Invalid password
2025-05-08 12:42:16,008 - INFO - User 'henryswain' successfully signed in. Role: BasicUser
2025-05-08 12:51:40,873 - INFO - Token validated for user 'henryswain'. Role: BasicUser
2025-05-08 12:54:18,585 - INFO - Application shuts down...
2025-05-08 12:54:30,997 - INFO - Application starts up...
2025-05-08 12:55:39,924 - INFO - User 'marcusb' successfully signed in. Role: AdminUser
2025-05-08 12:55:54,818 - INFO - User: 'marcusb' logged out. Role: AdminUser
2025-05-08 15:39:21,250 - INFO - Application shuts down...
2025-05-08 15:39:23,106 - INFO - Application starts up...
2025-05-08 15:39:27,013 - INFO - Application shuts down...
2025-05-08 11:17:05,526 - INFO - Application starts up...
2025-05-08 11:51:12,834 - INFO - Application shuts down...
2025-05-08 11:51:37,529 - INFO - Application starts up...
2025-05-08 11:52:12,840 - ERROR - Failed login attempt for username 'henryswain': Invalid password
2025-05-08 11:52:24,528 - INFO - User 'henryswain' successfully signed in. Role: AdminUser
2025-05-08 11:52:46,537 - INFO - User: 'henryswain' logged out. Role: AdminUser
2025-05-08 11:52:57,801 - INFO - User 'henryswain' successfully signed in. Role: AdminUser
2025-05-08 11:54:43,571 - INFO - Movie 'the matrix' added by user 'henryswain'. Role: AdminUser 
2025-05-08 11:54:43,630 - INFO - Review added for movie 'the matrix' by user 'henryswain'. Rating: 4
2025-05-08 11:55:55,744 - INFO - Token validated for user 'henryswain'. Role: AdminUser
2025-05-08 11:56:06,117 - ERROR - Failed login attempt for username 'henryswain': Invalid password
2025-05-08 11:56:14,204 - INFO - User 'henryswain' successfully signed in. Role: BasicUser
2025-05-08 11:58:39,748 - INFO - Movie 'thunderbolts' added by user 'henryswain'. Role: BasicUser 
2025-05-08 11:58:39,797 - INFO - Review added for movie 'thunderbolts' by user 'henryswain'. Rating: 5
2025-05-08 12:10:07,639 - INFO - Token validated for user 'henryswain'. Role: BasicUser
2025-05-08 15:31:18,737 - INFO - Application shuts down...
2025-05-08 15:31:19,367 - INFO - Application starts up...
2025-05-08 17:30:22,614 - INFO - Application starts up...
2025-05-08 17:44:13,166 - INFO - Application shuts down...
2025-05-08 17:44:13,812 - INFO - Application starts up...
2025-05-08 17:44:42,567 - INFO - Application shuts down...
2025-05-08 17:45:04,976 - INFO - Application starts up...
2025-05-08 17:45:31,539 - ERROR - Failed login attempt for username 'henryswain': Invalid password
2025-05-08 17:45:37,709 - ERROR - Failed login attempt for username 'henryswain': Invalid password
2025-05-08 17:45:45,157 - INFO - User 'henryswain' successfully signed in. Role: BasicUser
2025-05-08 17:47:45,029 - INFO - Token validated for user 'henryswain'. Role: BasicUser
2025-05-08 17:47:54,804 - ERROR - Failed login attempt for username 'henryswain': Invalid password
2025-05-08 17:48:02,624 - INFO - User 'henryswain' successfully signed in. Role: BasicUser
2025-05-08 17:49:34,338 - INFO - Token validated for user 'henryswain'. Role: BasicUser
2025-05-08 17:49:46,893 - INFO - User 'henryswain' successfully signed in. Role: BasicUser
2025-05-08 17:51:39,094 - INFO - Token validated for user 'henryswain'. Role: BasicUser
2025-05-08 17:51:51,826 - INFO - User 'henryswain' successfully signed in. Role: BasicUser
2025-05-08 17:52:21,862 - INFO - Token validated for user 'henryswain'. Role: BasicUser
2025-05-08 17:52:32,187 - INFO - User 'henryswain' successfully signed in. Role: BasicUser
2025-05-08 17:59:37,093 - INFO - Token validated for user 'henryswain'. Role: BasicUser
2025-05-08 18:00:05,926 - INFO - User 'henryswain' successfully signed in. Role: BasicUser
2025-05-08 18:02:57,538 - INFO - Token validated for user 'henryswain'. Role: BasicUser
2025-05-08 18:03:06,192 - INFO - User 'henryswain' successfully signed in. Role: BasicUser
2025-05-08 18:04:47,986 - INFO - Application shuts down...
2025-05-08 18:04:48,582 - INFO - Application starts up...
2025-05-08 18:04:55,991 - INFO - Token validated for user 'henryswain'. Role: BasicUser
2025-05-08 18:05:04,887 - INFO - User 'henryswain' successfully signed in. Role: BasicUser
2025-05-08 18:15:04,953 - INFO - Application shuts down...
2025-05-08 18:15:05,595 - INFO - Application starts up...
2025-05-08 18:15:12,786 - INFO - Token validated for user 'henryswain'. Role: BasicUser
2025-05-08 18:15:26,049 - INFO - User 'henryswain' successfully signed in. Role: BasicUser
2025-05-08 18:18:50,647 - INFO - Application shuts down...
2025-05-08 18:18:51,247 - INFO - Application starts up...
2025-05-08 18:19:20,740 - INFO - Application shuts down...
2025-05-08 18:19:21,329 - INFO - Application starts up...
2025-05-08 18:19:29,385 - INFO - Token validated for user 'henryswain'. Role: BasicUser
2025-05-08 18:20:14,369 - INFO - Movie 'the matrix' added by user 'henryswain'. Role: BasicUser 
2025-05-08 18:20:14,416 - INFO - Review added for movie 'the matrix' by user 'henryswain'. Rating: 4
2025-05-08 18:21:36,293 - INFO - Application shuts down...
2025-05-08 18:21:44,641 - INFO - Application starts up...
2025-05-08 18:23:37,396 - INFO - Token validated for user 'henryswain'. Role: BasicUser
2025-05-08 18:24:37,915 - INFO - Token validated for user 'henryswain'. Role: BasicUser
2025-05-08 18:25:28,802 - INFO - Application shuts down...
2025-05-08 18:25:32,486 - INFO - Application starts up...
2025-05-08 18:25:41,520 - INFO - Token validated for user 'henryswain'. Role: BasicUser
2025-05-08 18:26:32,018 - INFO - Application shuts down...
2025-05-08 18:26:32,593 - INFO - Application starts up...
2025-05-08 18:26:38,836 - INFO - Application shuts down...
2025-05-08 18:26:45,465 - INFO - Application starts up...
2025-05-08 18:26:59,126 - INFO - Token validated for user 'henryswain'. Role: BasicUser
2025-05-08 18:27:28,522 - INFO - Application shuts down...
2025-05-08 18:27:29,101 - INFO - Application starts up...
2025-05-08 18:27:35,850 - INFO - Token validated for user 'henryswain'. Role: BasicUser
2025-05-08 18:32:30,775 - INFO - Token validated for user 'henryswain'. Role: BasicUser
2025-05-08 18:32:47,979 - INFO - Token validated for user 'henryswain'. Role: BasicUser
2025-05-08 18:33:12,912 - INFO - Token validated for user 'henryswain'. Role: BasicUser
2025-05-08 18:33:44,036 - INFO - Token validated for user 'henryswain'. Role: BasicUser
2025-05-08 18:34:16,447 - INFO - Token validated for user 'henryswain'. Role: BasicUser
2025-05-08 18:34:34,367 - INFO - Token validated for user 'henryswain'. Role: BasicUser
2025-05-08 18:35:12,020 - INFO - Token validated for user 'henryswain'. Role: BasicUser
2025-05-08 18:35:31,351 - INFO - Token validated for user 'henryswain'. Role: BasicUser
2025-05-08 18:35:41,972 - INFO - Token validated for user 'henryswain'. Role: BasicUser
2025-05-08 18:37:17,970 - INFO - Token validated for user 'henryswain'. Role: BasicUser
2025-05-08 18:42:48,329 - INFO - Application shuts down...
2025-05-08 18:42:48,937 - INFO - Application starts up...
2025-05-08 18:42:55,865 - INFO - Token validated for user 'henryswain'. Role: BasicUser
2025-05-08 18:44:58,286 - INFO - Token validated for user 'henryswain'. Role: BasicUser
2025-05-08 18:46:26,930 - INFO - Application shuts down...
2025-05-08 18:46:27,498 - INFO - Application starts up...
2025-05-08 18:46:32,926 - INFO - Token validated for user 'henryswain'. Role: BasicUser
2025-05-08 18:51:34,169 - INFO - Application shuts down...
2025-05-08 18:51:34,757 - INFO - Application starts up...
2025-05-08 18:51:40,080 - INFO - Token validated for user 'henryswain'. Role: BasicUser
2025-05-08 18:54:21,178 - INFO - Token validated for user 'henryswain'. Role: BasicUser
2025-05-08 18:54:27,862 - INFO - Token validated for user 'henryswain'. Role: BasicUser
2025-05-08 18:55:06,324 - INFO - Token validated for user 'henryswain'. Role: BasicUser
2025-05-08 18:55:28,981 - INFO - Token validated for user 'henryswain'. Role: BasicUser
2025-05-08 18:57:28,556 - INFO - Token validated for user 'henryswain'. Role: BasicUser
2025-05-08 19:06:34,626 - INFO - Application shuts down...
2025-05-08 19:06:35,177 - INFO - Application starts up...
2025-05-08 19:12:35,713 - INFO - Token validated for user 'henryswain'. Role: BasicUser
2025-05-08 19:14:05,643 - INFO - User: 'henryswain' logged out. Role: BasicUser
2025-05-08 19:14:21,129 - ERROR - Failed login attempt for username 'henryswain': Invalid password
2025-05-08 19:14:32,361 - ERROR - Failed login attempt for username 'henryswain': Invalid password
2025-05-08 19:14:40,279 - INFO - User 'henryswain' successfully signed in. Role: BasicUser
2025-05-08 19:31:11,754 - ERROR - Failed login attempt for username 'henryswain': Invalid password
2025-05-08 19:31:19,821 - INFO - User 'henryswain' successfully signed in. Role: BasicUser
2025-05-08 19:41:07,381 - INFO - Token validated for user 'henryswain'. Role: BasicUser
2025-05-08 19:53:34,642 - INFO - Application shuts down...
2025-05-08 19:53:35,229 - INFO - Application starts up...
2025-05-08 19:54:21,153 - INFO - Application shuts down...
2025-05-08 19:54:21,659 - INFO - Application starts up...
2025-05-08 19:54:54,402 - INFO - Application shuts down...
2025-05-08 19:54:54,911 - INFO - Application starts up...
2025-05-08 19:55:34,354 - INFO - Application shuts down...
2025-05-08 19:55:34,876 - INFO - Application starts up...
2025-05-08 21:16:14,401 - INFO - Application starts up...
2025-05-08 21:17:12,425 - INFO - Token validated for user 'testing'. Role: BasicUser
2025-05-08 21:17:19,284 - INFO - User: 'testing' logged out. Role: BasicUser
2025-05-08 21:17:26,724 - INFO - User 'aramiscal' successfully signed in. Role: AdminUser
2025-05-08 21:18:25,601 - INFO - Token validated for user 'aramiscal'. Role: AdminUser
2025-05-08 21:18:27,529 - INFO - User: 'aramiscal' logged out. Role: AdminUser
2025-05-08 21:18:32,181 - ERROR - Failed login attempt for username 'aramiscal': Invalid password
2025-05-08 21:18:33,240 - INFO - User 'aramiscal' successfully signed in. Role: AdminUser
2025-05-08 21:22:40,674 - INFO - User: 'aramiscal' logged out. Role: AdminUser
2025-05-08 21:22:45,296 - INFO - User 'aramiscal' successfully signed in. Role: AdminUser
2025-05-08 21:26:57,033 - INFO - Token validated for user 'aramiscal'. Role: AdminUser
2025-05-08 21:27:02,838 - INFO - Token validated for user 'aramiscal'. Role: AdminUser
2025-05-08 21:27:20,685 - INFO - Token validated for user 'aramiscal'. Role: AdminUser
2025-05-08 21:27:21,711 - INFO - User: 'aramiscal' logged out. Role: AdminUser
2025-05-08 21:27:25,670 - INFO - User 'testing' successfully signed in. Role: BasicUser
2025-05-08 21:28:25,696 - INFO - Token validated for user 'testing'. Role: BasicUser
2025-05-08 21:28:26,861 - INFO - User: 'testing' logged out. Role: BasicUser
2025-05-08 21:28:31,781 - ERROR - Failed login attempt for username 'aramicsal: User not found
2025-05-08 21:28:39,254 - INFO - User 'aramiscal' successfully signed in. Role: AdminUser
